<?xml version="1.0" encoding="UTF-8"?>
<!-- Generated by org.testng.reporters.JUnitReportReporter -->
<testsuite hostname="LAPTOP-LJT4TVA1" failures="0" tests="1" name="TCrunner.TC11" time="16.693" errors="0" timestamp="2023-02-28T18:20:27 CST" skipped="0">
  <testcase classname="TCrunner.TC11" name="feature" time="16.693"/>
  <system-out/>
</testsuite> <!-- TCrunner.TC11 -->
